{"/Users/mac/trenches/thecodeunit-responsive-rn-full/src/responsive/constants.ts": {"path":"/Users/mac/trenches/thecodeunit-responsive-rn-full/src/responsive/constants.ts","all":false,"statementMap":{"0":{"start":{"line":1,"column":0},"end":{"line":1,"column":43}},"1":{"start":{"line":2,"column":0},"end":{"line":2,"column":0}},"2":{"start":{"line":3,"column":0},"end":{"line":3,"column":49}},"3":{"start":{"line":4,"column":0},"end":{"line":4,"column":18}},"4":{"start":{"line":5,"column":0},"end":{"line":5,"column":13}},"5":{"start":{"line":6,"column":0},"end":{"line":6,"column":14}},"6":{"start":{"line":7,"column":0},"end":{"line":7,"column":2}},"7":{"start":{"line":8,"column":0},"end":{"line":8,"column":0}},"8":{"start":{"line":9,"column":0},"end":{"line":9,"column":32}},"9":{"start":{"line":10,"column":0},"end":{"line":10,"column":58}},"10":{"start":{"line":11,"column":0},"end":{"line":11,"column":11}},"11":{"start":{"line":12,"column":0},"end":{"line":12,"column":0}},"12":{"start":{"line":13,"column":0},"end":{"line":13,"column":30}},"13":{"start":{"line":14,"column":0},"end":{"line":14,"column":41}},"14":{"start":{"line":15,"column":0},"end":{"line":15,"column":11}}},"s":{"0":1,"1":1,"2":1,"3":1,"4":1,"5":1,"6":1,"7":1,"8":1,"9":1,"10":1,"11":1,"12":1,"13":1,"14":1},"branchMap":{},"b":{},"fnMap":{},"f":{}}
,"/Users/mac/trenches/thecodeunit-responsive-rn-full/src/responsive/utils.ts": {"path":"/Users/mac/trenches/thecodeunit-responsive-rn-full/src/responsive/utils.ts","all":false,"statementMap":{"0":{"start":{"line":1,"column":0},"end":{"line":1,"column":107}},"1":{"start":{"line":2,"column":0},"end":{"line":2,"column":0}},"2":{"start":{"line":3,"column":0},"end":{"line":3,"column":35}},"3":{"start":{"line":4,"column":0},"end":{"line":4,"column":16}},"4":{"start":{"line":5,"column":0},"end":{"line":5,"column":30}},"5":{"start":{"line":6,"column":0},"end":{"line":6,"column":14}},"6":{"start":{"line":7,"column":0},"end":{"line":7,"column":27}},"7":{"start":{"line":8,"column":0},"end":{"line":8,"column":6}},"8":{"start":{"line":9,"column":0},"end":{"line":9,"column":70}},"9":{"start":{"line":10,"column":0},"end":{"line":10,"column":30}},"10":{"start":{"line":11,"column":0},"end":{"line":11,"column":64}},"11":{"start":{"line":12,"column":0},"end":{"line":12,"column":25}},"12":{"start":{"line":13,"column":0},"end":{"line":13,"column":68}},"13":{"start":{"line":14,"column":0},"end":{"line":14,"column":24}},"14":{"start":{"line":15,"column":0},"end":{"line":15,"column":34}},"15":{"start":{"line":16,"column":0},"end":{"line":16,"column":1}},"16":{"start":{"line":17,"column":0},"end":{"line":17,"column":0}},"17":{"start":{"line":18,"column":0},"end":{"line":18,"column":72}},"18":{"start":{"line":19,"column":0},"end":{"line":19,"column":45}},"19":{"start":{"line":20,"column":0},"end":{"line":20,"column":1}},"20":{"start":{"line":21,"column":0},"end":{"line":21,"column":0}},"21":{"start":{"line":22,"column":0},"end":{"line":22,"column":31}},"22":{"start":{"line":23,"column":0},"end":{"line":23,"column":24}},"23":{"start":{"line":24,"column":0},"end":{"line":24,"column":76}},"24":{"start":{"line":25,"column":0},"end":{"line":25,"column":19}},"25":{"start":{"line":26,"column":0},"end":{"line":26,"column":80}},"26":{"start":{"line":27,"column":0},"end":{"line":27,"column":20}},"27":{"start":{"line":28,"column":0},"end":{"line":28,"column":25}},"28":{"start":{"line":29,"column":0},"end":{"line":29,"column":23}},"29":{"start":{"line":30,"column":0},"end":{"line":30,"column":25}},"30":{"start":{"line":31,"column":0},"end":{"line":31,"column":2}},"31":{"start":{"line":32,"column":0},"end":{"line":32,"column":0}},"32":{"start":{"line":33,"column":0},"end":{"line":33,"column":3}},"33":{"start":{"line":34,"column":0},"end":{"line":34,"column":77}},"34":{"start":{"line":35,"column":0},"end":{"line":35,"column":70}},"35":{"start":{"line":36,"column":0},"end":{"line":36,"column":74}},"36":{"start":{"line":37,"column":0},"end":{"line":37,"column":71}},"37":{"start":{"line":38,"column":0},"end":{"line":38,"column":3}},"38":{"start":{"line":39,"column":0},"end":{"line":39,"column":39}},"39":{"start":{"line":40,"column":0},"end":{"line":40,"column":16}},"40":{"start":{"line":41,"column":0},"end":{"line":41,"column":17}},"41":{"start":{"line":42,"column":0},"end":{"line":42,"column":27}},"42":{"start":{"line":43,"column":0},"end":{"line":43,"column":20}},"43":{"start":{"line":44,"column":0},"end":{"line":44,"column":54}},"44":{"start":{"line":45,"column":0},"end":{"line":45,"column":44}},"45":{"start":{"line":46,"column":0},"end":{"line":46,"column":46}},"46":{"start":{"line":47,"column":0},"end":{"line":47,"column":52}},"47":{"start":{"line":48,"column":0},"end":{"line":48,"column":0}},"48":{"start":{"line":49,"column":0},"end":{"line":49,"column":32}},"49":{"start":{"line":50,"column":0},"end":{"line":50,"column":52}},"50":{"start":{"line":51,"column":0},"end":{"line":51,"column":41}},"51":{"start":{"line":52,"column":0},"end":{"line":52,"column":59}},"52":{"start":{"line":53,"column":0},"end":{"line":53,"column":0}},"53":{"start":{"line":54,"column":0},"end":{"line":54,"column":10}},"54":{"start":{"line":55,"column":0},"end":{"line":55,"column":17}},"55":{"start":{"line":56,"column":0},"end":{"line":56,"column":12}},"56":{"start":{"line":57,"column":0},"end":{"line":57,"column":13}},"57":{"start":{"line":58,"column":0},"end":{"line":58,"column":18}},"58":{"start":{"line":59,"column":0},"end":{"line":59,"column":32}},"59":{"start":{"line":60,"column":0},"end":{"line":60,"column":15}},"60":{"start":{"line":61,"column":0},"end":{"line":61,"column":4}},"61":{"start":{"line":62,"column":0},"end":{"line":62,"column":1}},"62":{"start":{"line":63,"column":0},"end":{"line":63,"column":0}},"63":{"start":{"line":64,"column":0},"end":{"line":64,"column":28}},"64":{"start":{"line":65,"column":0},"end":{"line":65,"column":28}},"65":{"start":{"line":66,"column":0},"end":{"line":66,"column":38}},"66":{"start":{"line":67,"column":0},"end":{"line":67,"column":14}},"67":{"start":{"line":68,"column":0},"end":{"line":68,"column":21}},"68":{"start":{"line":69,"column":0},"end":{"line":69,"column":22}},"69":{"start":{"line":70,"column":0},"end":{"line":70,"column":23}},"70":{"start":{"line":71,"column":0},"end":{"line":71,"column":24}},"71":{"start":{"line":72,"column":0},"end":{"line":72,"column":22}},"72":{"start":{"line":73,"column":0},"end":{"line":73,"column":23}},"73":{"start":{"line":74,"column":0},"end":{"line":74,"column":2}},"74":{"start":{"line":75,"column":0},"end":{"line":75,"column":0}},"75":{"start":{"line":76,"column":0},"end":{"line":76,"column":3}},"76":{"start":{"line":77,"column":0},"end":{"line":77,"column":75}},"77":{"start":{"line":78,"column":0},"end":{"line":78,"column":74}},"78":{"start":{"line":79,"column":0},"end":{"line":79,"column":73}},"79":{"start":{"line":80,"column":0},"end":{"line":80,"column":3}},"80":{"start":{"line":81,"column":0},"end":{"line":81,"column":90}},"81":{"start":{"line":82,"column":0},"end":{"line":82,"column":67}},"82":{"start":{"line":83,"column":0},"end":{"line":83,"column":0}},"83":{"start":{"line":84,"column":0},"end":{"line":84,"column":10}},"84":{"start":{"line":85,"column":0},"end":{"line":85,"column":98}},"85":{"start":{"line":86,"column":0},"end":{"line":86,"column":71}},"86":{"start":{"line":87,"column":0},"end":{"line":87,"column":67}},"87":{"start":{"line":88,"column":0},"end":{"line":88,"column":75}},"88":{"start":{"line":89,"column":0},"end":{"line":89,"column":76}},"89":{"start":{"line":90,"column":0},"end":{"line":90,"column":56}},"90":{"start":{"line":91,"column":0},"end":{"line":91,"column":60}},"91":{"start":{"line":92,"column":0},"end":{"line":92,"column":58}},"92":{"start":{"line":93,"column":0},"end":{"line":93,"column":46}},"93":{"start":{"line":94,"column":0},"end":{"line":94,"column":4}},"94":{"start":{"line":95,"column":0},"end":{"line":95,"column":1}},"95":{"start":{"line":96,"column":0},"end":{"line":96,"column":0}},"96":{"start":{"line":97,"column":0},"end":{"line":97,"column":3}},"97":{"start":{"line":98,"column":0},"end":{"line":98,"column":77}},"98":{"start":{"line":99,"column":0},"end":{"line":99,"column":67}},"99":{"start":{"line":100,"column":0},"end":{"line":100,"column":3}},"100":{"start":{"line":101,"column":0},"end":{"line":101,"column":94}},"101":{"start":{"line":102,"column":0},"end":{"line":102,"column":27}},"102":{"start":{"line":103,"column":0},"end":{"line":103,"column":18}},"103":{"start":{"line":104,"column":0},"end":{"line":104,"column":6}},"104":{"start":{"line":105,"column":0},"end":{"line":105,"column":87}},"105":{"start":{"line":106,"column":0},"end":{"line":106,"column":4}},"106":{"start":{"line":107,"column":0},"end":{"line":107,"column":1}},"107":{"start":{"line":108,"column":0},"end":{"line":108,"column":0}},"108":{"start":{"line":109,"column":0},"end":{"line":109,"column":3}},"109":{"start":{"line":110,"column":0},"end":{"line":110,"column":78}},"110":{"start":{"line":111,"column":0},"end":{"line":111,"column":72}},"111":{"start":{"line":112,"column":0},"end":{"line":112,"column":76}},"112":{"start":{"line":113,"column":0},"end":{"line":113,"column":79}},"113":{"start":{"line":114,"column":0},"end":{"line":114,"column":3}},"114":{"start":{"line":115,"column":0},"end":{"line":115,"column":72}},"115":{"start":{"line":116,"column":0},"end":{"line":116,"column":60}},"116":{"start":{"line":117,"column":0},"end":{"line":117,"column":0}},"117":{"start":{"line":118,"column":0},"end":{"line":118,"column":44}},"118":{"start":{"line":119,"column":0},"end":{"line":119,"column":41}},"119":{"start":{"line":120,"column":0},"end":{"line":120,"column":41}},"120":{"start":{"line":121,"column":0},"end":{"line":121,"column":0}},"121":{"start":{"line":122,"column":0},"end":{"line":122,"column":62}},"122":{"start":{"line":123,"column":0},"end":{"line":123,"column":53}},"123":{"start":{"line":124,"column":0},"end":{"line":124,"column":1}},"124":{"start":{"line":125,"column":0},"end":{"line":125,"column":0}},"125":{"start":{"line":126,"column":0},"end":{"line":126,"column":91}},"126":{"start":{"line":127,"column":0},"end":{"line":127,"column":0}},"127":{"start":{"line":128,"column":0},"end":{"line":128,"column":3}},"128":{"start":{"line":129,"column":0},"end":{"line":129,"column":77}},"129":{"start":{"line":130,"column":0},"end":{"line":130,"column":76}},"130":{"start":{"line":131,"column":0},"end":{"line":131,"column":3}},"131":{"start":{"line":132,"column":0},"end":{"line":132,"column":43}},"132":{"start":{"line":133,"column":0},"end":{"line":133,"column":25}},"133":{"start":{"line":134,"column":0},"end":{"line":134,"column":33}},"134":{"start":{"line":135,"column":0},"end":{"line":135,"column":12}},"135":{"start":{"line":136,"column":0},"end":{"line":136,"column":37}},"136":{"start":{"line":137,"column":0},"end":{"line":137,"column":83}},"137":{"start":{"line":138,"column":0},"end":{"line":138,"column":37}},"138":{"start":{"line":139,"column":0},"end":{"line":139,"column":3}},"139":{"start":{"line":140,"column":0},"end":{"line":140,"column":0}},"140":{"start":{"line":141,"column":0},"end":{"line":141,"column":54}},"141":{"start":{"line":142,"column":0},"end":{"line":142,"column":21}},"142":{"start":{"line":143,"column":0},"end":{"line":143,"column":0}},"143":{"start":{"line":144,"column":0},"end":{"line":144,"column":38}},"144":{"start":{"line":145,"column":0},"end":{"line":145,"column":77}},"145":{"start":{"line":146,"column":0},"end":{"line":146,"column":3}},"146":{"start":{"line":147,"column":0},"end":{"line":147,"column":38}},"147":{"start":{"line":148,"column":0},"end":{"line":148,"column":77}},"148":{"start":{"line":149,"column":0},"end":{"line":149,"column":3}},"149":{"start":{"line":150,"column":0},"end":{"line":150,"column":0}},"150":{"start":{"line":151,"column":0},"end":{"line":151,"column":17}},"151":{"start":{"line":152,"column":0},"end":{"line":152,"column":1}}},"s":{"0":1,"1":1,"2":7,"3":7,"4":7,"5":7,"6":7,"7":7,"8":7,"9":7,"10":7,"11":7,"12":7,"13":7,"14":7,"15":7,"16":1,"17":16,"18":16,"19":16,"20":1,"21":1,"22":1,"23":1,"24":1,"25":1,"26":1,"27":1,"28":1,"29":1,"30":1,"31":1,"32":1,"33":1,"34":1,"35":1,"36":1,"37":1,"38":24,"39":24,"40":24,"41":24,"42":24,"43":24,"44":24,"45":24,"46":24,"47":24,"48":24,"49":24,"50":20,"51":24,"52":24,"53":24,"54":24,"55":24,"56":24,"57":24,"58":24,"59":24,"60":24,"61":24,"62":1,"63":1,"64":1,"65":1,"66":1,"67":1,"68":1,"69":1,"70":1,"71":1,"72":1,"73":1,"74":1,"75":1,"76":1,"77":1,"78":1,"79":1,"80":13,"81":13,"82":13,"83":13,"84":13,"85":13,"86":13,"87":13,"88":13,"89":13,"90":13,"91":13,"92":13,"93":13,"94":13,"95":1,"96":1,"97":1,"98":1,"99":1,"100":10,"101":10,"102":8,"103":8,"104":8,"105":8,"106":8,"107":1,"108":1,"109":1,"110":1,"111":1,"112":1,"113":1,"114":14,"115":14,"116":14,"117":14,"118":14,"119":14,"120":5,"121":5,"122":5,"123":5,"124":1,"125":1,"126":1,"127":1,"128":1,"129":1,"130":1,"131":19,"132":19,"133":19,"134":19,"135":19,"136":7,"137":7,"138":7,"139":12,"140":12,"141":12,"142":12,"143":19,"144":7,"145":7,"146":19,"147":7,"148":7,"149":12,"150":12,"151":12},"branchMap":{"0":{"type":"branch","line":3,"loc":{"start":{"line":3,"column":0},"end":{"line":16,"column":1}},"locations":[{"start":{"line":3,"column":0},"end":{"line":16,"column":1}}]},"1":{"type":"branch","line":9,"loc":{"start":{"line":9,"column":33},"end":{"line":9,"column":69}},"locations":[{"start":{"line":9,"column":33},"end":{"line":9,"column":69}}]},"2":{"type":"branch","line":10,"loc":{"start":{"line":10,"column":4},"end":{"line":10,"column":30}},"locations":[{"start":{"line":10,"column":4},"end":{"line":10,"column":30}}]},"3":{"type":"branch","line":11,"loc":{"start":{"line":11,"column":-1},"end":{"line":11,"column":36}},"locations":[{"start":{"line":11,"column":-1},"end":{"line":11,"column":36}}]},"4":{"type":"branch","line":11,"loc":{"start":{"line":11,"column":32},"end":{"line":11,"column":63}},"locations":[{"start":{"line":11,"column":32},"end":{"line":11,"column":63}}]},"5":{"type":"branch","line":12,"loc":{"start":{"line":12,"column":4},"end":{"line":12,"column":25}},"locations":[{"start":{"line":12,"column":4},"end":{"line":12,"column":25}}]},"6":{"type":"branch","line":13,"loc":{"start":{"line":13,"column":-1},"end":{"line":13,"column":41}},"locations":[{"start":{"line":13,"column":-1},"end":{"line":13,"column":41}}]},"7":{"type":"branch","line":13,"loc":{"start":{"line":13,"column":37},"end":{"line":13,"column":67}},"locations":[{"start":{"line":13,"column":37},"end":{"line":13,"column":67}}]},"8":{"type":"branch","line":14,"loc":{"start":{"line":14,"column":4},"end":{"line":14,"column":24}},"locations":[{"start":{"line":14,"column":4},"end":{"line":14,"column":24}}]},"9":{"type":"branch","line":15,"loc":{"start":{"line":15,"column":-1},"end":{"line":15,"column":25}},"locations":[{"start":{"line":15,"column":-1},"end":{"line":15,"column":25}}]},"10":{"type":"branch","line":15,"loc":{"start":{"line":15,"column":21},"end":{"line":15,"column":25}},"locations":[{"start":{"line":15,"column":21},"end":{"line":15,"column":25}}]},"11":{"type":"branch","line":15,"loc":{"start":{"line":15,"column":21},"end":{"line":15,"column":33}},"locations":[{"start":{"line":15,"column":21},"end":{"line":15,"column":33}}]},"12":{"type":"branch","line":18,"loc":{"start":{"line":18,"column":0},"end":{"line":20,"column":1}},"locations":[{"start":{"line":18,"column":0},"end":{"line":20,"column":1}}]},"13":{"type":"branch","line":39,"loc":{"start":{"line":39,"column":0},"end":{"line":62,"column":1}},"locations":[{"start":{"line":39,"column":0},"end":{"line":62,"column":1}}]},"14":{"type":"branch","line":50,"loc":{"start":{"line":50,"column":35},"end":{"line":50,"column":50}},"locations":[{"start":{"line":50,"column":35},"end":{"line":50,"column":50}}]},"15":{"type":"branch","line":50,"loc":{"start":{"line":50,"column":51},"end":{"line":52,"column":58}},"locations":[{"start":{"line":50,"column":51},"end":{"line":52,"column":58}}]},"16":{"type":"branch","line":51,"loc":{"start":{"line":51,"column":30},"end":{"line":51,"column":39}},"locations":[{"start":{"line":51,"column":30},"end":{"line":51,"column":39}}]},"17":{"type":"branch","line":51,"loc":{"start":{"line":51,"column":40},"end":{"line":52,"column":58}},"locations":[{"start":{"line":51,"column":40},"end":{"line":52,"column":58}}]},"18":{"type":"branch","line":52,"loc":{"start":{"line":52,"column":31},"end":{"line":52,"column":41}},"locations":[{"start":{"line":52,"column":31},"end":{"line":52,"column":41}}]},"19":{"type":"branch","line":52,"loc":{"start":{"line":52,"column":42},"end":{"line":52,"column":58}},"locations":[{"start":{"line":52,"column":42},"end":{"line":52,"column":58}}]},"20":{"type":"branch","line":81,"loc":{"start":{"line":81,"column":0},"end":{"line":95,"column":1}},"locations":[{"start":{"line":81,"column":0},"end":{"line":95,"column":1}}]},"21":{"type":"branch","line":85,"loc":{"start":{"line":85,"column":36},"end":{"line":85,"column":40}},"locations":[{"start":{"line":85,"column":36},"end":{"line":85,"column":40}}]},"22":{"type":"branch","line":85,"loc":{"start":{"line":85,"column":41},"end":{"line":85,"column":97}},"locations":[{"start":{"line":85,"column":41},"end":{"line":85,"column":97}}]},"23":{"type":"branch","line":85,"loc":{"start":{"line":85,"column":51},"end":{"line":85,"column":55}},"locations":[{"start":{"line":85,"column":51},"end":{"line":85,"column":55}}]},"24":{"type":"branch","line":85,"loc":{"start":{"line":85,"column":56},"end":{"line":85,"column":97}},"locations":[{"start":{"line":85,"column":56},"end":{"line":85,"column":97}}]},"25":{"type":"branch","line":85,"loc":{"start":{"line":85,"column":72},"end":{"line":85,"column":76}},"locations":[{"start":{"line":85,"column":72},"end":{"line":85,"column":76}}]},"26":{"type":"branch","line":85,"loc":{"start":{"line":85,"column":77},"end":{"line":85,"column":97}},"locations":[{"start":{"line":85,"column":77},"end":{"line":85,"column":97}}]},"27":{"type":"branch","line":85,"loc":{"start":{"line":85,"column":93},"end":{"line":85,"column":97}},"locations":[{"start":{"line":85,"column":93},"end":{"line":85,"column":97}}]},"28":{"type":"branch","line":86,"loc":{"start":{"line":86,"column":35},"end":{"line":86,"column":41}},"locations":[{"start":{"line":86,"column":35},"end":{"line":86,"column":41}}]},"29":{"type":"branch","line":86,"loc":{"start":{"line":86,"column":42},"end":{"line":86,"column":70}},"locations":[{"start":{"line":86,"column":42},"end":{"line":86,"column":70}}]},"30":{"type":"branch","line":86,"loc":{"start":{"line":86,"column":53},"end":{"line":86,"column":58}},"locations":[{"start":{"line":86,"column":53},"end":{"line":86,"column":58}}]},"31":{"type":"branch","line":86,"loc":{"start":{"line":86,"column":59},"end":{"line":86,"column":70}},"locations":[{"start":{"line":86,"column":59},"end":{"line":86,"column":70}}]},"32":{"type":"branch","line":87,"loc":{"start":{"line":87,"column":22},"end":{"line":87,"column":25}},"locations":[{"start":{"line":87,"column":22},"end":{"line":87,"column":25}}]},"33":{"type":"branch","line":87,"loc":{"start":{"line":87,"column":26},"end":{"line":87,"column":66}},"locations":[{"start":{"line":87,"column":26},"end":{"line":87,"column":66}}]},"34":{"type":"branch","line":87,"loc":{"start":{"line":87,"column":36},"end":{"line":87,"column":40}},"locations":[{"start":{"line":87,"column":36},"end":{"line":87,"column":40}}]},"35":{"type":"branch","line":87,"loc":{"start":{"line":87,"column":41},"end":{"line":87,"column":66}},"locations":[{"start":{"line":87,"column":41},"end":{"line":87,"column":66}}]},"36":{"type":"branch","line":87,"loc":{"start":{"line":87,"column":57},"end":{"line":87,"column":61}},"locations":[{"start":{"line":87,"column":57},"end":{"line":87,"column":61}}]},"37":{"type":"branch","line":87,"loc":{"start":{"line":87,"column":62},"end":{"line":87,"column":66}},"locations":[{"start":{"line":87,"column":62},"end":{"line":87,"column":66}}]},"38":{"type":"branch","line":88,"loc":{"start":{"line":88,"column":29},"end":{"line":88,"column":33}},"locations":[{"start":{"line":88,"column":29},"end":{"line":88,"column":33}}]},"39":{"type":"branch","line":88,"loc":{"start":{"line":88,"column":34},"end":{"line":88,"column":74}},"locations":[{"start":{"line":88,"column":34},"end":{"line":88,"column":74}}]},"40":{"type":"branch","line":88,"loc":{"start":{"line":88,"column":44},"end":{"line":88,"column":48}},"locations":[{"start":{"line":88,"column":44},"end":{"line":88,"column":48}}]},"41":{"type":"branch","line":88,"loc":{"start":{"line":88,"column":49},"end":{"line":88,"column":74}},"locations":[{"start":{"line":88,"column":49},"end":{"line":88,"column":74}}]},"42":{"type":"branch","line":88,"loc":{"start":{"line":88,"column":65},"end":{"line":88,"column":69}},"locations":[{"start":{"line":88,"column":65},"end":{"line":88,"column":69}}]},"43":{"type":"branch","line":88,"loc":{"start":{"line":88,"column":70},"end":{"line":88,"column":74}},"locations":[{"start":{"line":88,"column":70},"end":{"line":88,"column":74}}]},"44":{"type":"branch","line":89,"loc":{"start":{"line":89,"column":30},"end":{"line":89,"column":34}},"locations":[{"start":{"line":89,"column":30},"end":{"line":89,"column":34}}]},"45":{"type":"branch","line":89,"loc":{"start":{"line":89,"column":35},"end":{"line":89,"column":75}},"locations":[{"start":{"line":89,"column":35},"end":{"line":89,"column":75}}]},"46":{"type":"branch","line":89,"loc":{"start":{"line":89,"column":45},"end":{"line":89,"column":49}},"locations":[{"start":{"line":89,"column":45},"end":{"line":89,"column":49}}]},"47":{"type":"branch","line":89,"loc":{"start":{"line":89,"column":50},"end":{"line":89,"column":75}},"locations":[{"start":{"line":89,"column":50},"end":{"line":89,"column":75}}]},"48":{"type":"branch","line":89,"loc":{"start":{"line":89,"column":66},"end":{"line":89,"column":70}},"locations":[{"start":{"line":89,"column":66},"end":{"line":89,"column":70}}]},"49":{"type":"branch","line":89,"loc":{"start":{"line":89,"column":71},"end":{"line":89,"column":75}},"locations":[{"start":{"line":89,"column":71},"end":{"line":89,"column":75}}]},"50":{"type":"branch","line":90,"loc":{"start":{"line":90,"column":31},"end":{"line":90,"column":35}},"locations":[{"start":{"line":90,"column":31},"end":{"line":90,"column":35}}]},"51":{"type":"branch","line":90,"loc":{"start":{"line":90,"column":36},"end":{"line":90,"column":55}},"locations":[{"start":{"line":90,"column":36},"end":{"line":90,"column":55}}]},"52":{"type":"branch","line":90,"loc":{"start":{"line":90,"column":46},"end":{"line":90,"column":50}},"locations":[{"start":{"line":90,"column":46},"end":{"line":90,"column":50}}]},"53":{"type":"branch","line":90,"loc":{"start":{"line":90,"column":51},"end":{"line":90,"column":55}},"locations":[{"start":{"line":90,"column":51},"end":{"line":90,"column":55}}]},"54":{"type":"branch","line":91,"loc":{"start":{"line":91,"column":32},"end":{"line":91,"column":35}},"locations":[{"start":{"line":91,"column":32},"end":{"line":91,"column":35}}]},"55":{"type":"branch","line":91,"loc":{"start":{"line":91,"column":36},"end":{"line":91,"column":59}},"locations":[{"start":{"line":91,"column":36},"end":{"line":91,"column":59}}]},"56":{"type":"branch","line":91,"loc":{"start":{"line":91,"column":52},"end":{"line":91,"column":55}},"locations":[{"start":{"line":91,"column":52},"end":{"line":91,"column":55}}]},"57":{"type":"branch","line":91,"loc":{"start":{"line":91,"column":56},"end":{"line":91,"column":59}},"locations":[{"start":{"line":91,"column":56},"end":{"line":91,"column":59}}]},"58":{"type":"branch","line":92,"loc":{"start":{"line":92,"column":30},"end":{"line":92,"column":33}},"locations":[{"start":{"line":92,"column":30},"end":{"line":92,"column":33}}]},"59":{"type":"branch","line":92,"loc":{"start":{"line":92,"column":34},"end":{"line":92,"column":57}},"locations":[{"start":{"line":92,"column":34},"end":{"line":92,"column":57}}]},"60":{"type":"branch","line":92,"loc":{"start":{"line":92,"column":50},"end":{"line":92,"column":53}},"locations":[{"start":{"line":92,"column":50},"end":{"line":92,"column":53}}]},"61":{"type":"branch","line":92,"loc":{"start":{"line":92,"column":54},"end":{"line":92,"column":57}},"locations":[{"start":{"line":92,"column":54},"end":{"line":92,"column":57}}]},"62":{"type":"branch","line":101,"loc":{"start":{"line":101,"column":0},"end":{"line":107,"column":1}},"locations":[{"start":{"line":101,"column":0},"end":{"line":107,"column":1}}]},"63":{"type":"branch","line":102,"loc":{"start":{"line":102,"column":18},"end":{"line":102,"column":27}},"locations":[{"start":{"line":102,"column":18},"end":{"line":102,"column":27}}]},"64":{"type":"branch","line":103,"loc":{"start":{"line":103,"column":-1},"end":{"line":107,"column":1}},"locations":[{"start":{"line":103,"column":-1},"end":{"line":107,"column":1}}]},"65":{"type":"branch","line":115,"loc":{"start":{"line":115,"column":0},"end":{"line":124,"column":1}},"locations":[{"start":{"line":115,"column":0},"end":{"line":124,"column":1}}]},"66":{"type":"branch","line":118,"loc":{"start":{"line":118,"column":28},"end":{"line":118,"column":44}},"locations":[{"start":{"line":118,"column":28},"end":{"line":118,"column":44}}]},"67":{"type":"branch","line":119,"loc":{"start":{"line":119,"column":-1},"end":{"line":119,"column":32}},"locations":[{"start":{"line":119,"column":-1},"end":{"line":119,"column":32}}]},"68":{"type":"branch","line":119,"loc":{"start":{"line":119,"column":25},"end":{"line":119,"column":41}},"locations":[{"start":{"line":119,"column":25},"end":{"line":119,"column":41}}]},"69":{"type":"branch","line":120,"loc":{"start":{"line":120,"column":-1},"end":{"line":120,"column":32}},"locations":[{"start":{"line":120,"column":-1},"end":{"line":120,"column":32}}]},"70":{"type":"branch","line":120,"loc":{"start":{"line":120,"column":25},"end":{"line":120,"column":41}},"locations":[{"start":{"line":120,"column":25},"end":{"line":120,"column":41}}]},"71":{"type":"branch","line":121,"loc":{"start":{"line":121,"column":-1},"end":{"line":124,"column":1}},"locations":[{"start":{"line":121,"column":-1},"end":{"line":124,"column":1}}]},"72":{"type":"branch","line":132,"loc":{"start":{"line":132,"column":0},"end":{"line":152,"column":1}},"locations":[{"start":{"line":132,"column":0},"end":{"line":152,"column":1}}]},"73":{"type":"branch","line":136,"loc":{"start":{"line":136,"column":36},"end":{"line":139,"column":3}},"locations":[{"start":{"line":136,"column":36},"end":{"line":139,"column":3}}]},"74":{"type":"branch","line":137,"loc":{"start":{"line":137,"column":47},"end":{"line":137,"column":63}},"locations":[{"start":{"line":137,"column":47},"end":{"line":137,"column":63}}]},"75":{"type":"branch","line":137,"loc":{"start":{"line":137,"column":64},"end":{"line":137,"column":82}},"locations":[{"start":{"line":137,"column":64},"end":{"line":137,"column":82}}]},"76":{"type":"branch","line":140,"loc":{"start":{"line":140,"column":-1},"end":{"line":144,"column":37}},"locations":[{"start":{"line":140,"column":-1},"end":{"line":144,"column":37}}]},"77":{"type":"branch","line":144,"loc":{"start":{"line":144,"column":37},"end":{"line":146,"column":3}},"locations":[{"start":{"line":144,"column":37},"end":{"line":146,"column":3}}]},"78":{"type":"branch","line":147,"loc":{"start":{"line":147,"column":-1},"end":{"line":147,"column":37}},"locations":[{"start":{"line":147,"column":-1},"end":{"line":147,"column":37}}]},"79":{"type":"branch","line":147,"loc":{"start":{"line":147,"column":37},"end":{"line":149,"column":3}},"locations":[{"start":{"line":147,"column":37},"end":{"line":149,"column":3}}]},"80":{"type":"branch","line":148,"loc":{"start":{"line":148,"column":21},"end":{"line":148,"column":76}},"locations":[{"start":{"line":148,"column":21},"end":{"line":148,"column":76}}]},"81":{"type":"branch","line":150,"loc":{"start":{"line":150,"column":-1},"end":{"line":152,"column":1}},"locations":[{"start":{"line":150,"column":-1},"end":{"line":152,"column":1}}]}},"b":{"0":[7],"1":[2],"2":[1],"3":[6],"4":[2],"5":[2],"6":[4],"7":[2],"8":[1],"9":[3],"10":[2],"11":[1],"12":[16],"13":[24],"14":[4],"15":[20],"16":[7],"17":[13],"18":[7],"19":[6],"20":[13],"21":[3],"22":[10],"23":[3],"24":[7],"25":[4],"26":[3],"27":[0],"28":[4],"29":[9],"30":[3],"31":[6],"32":[3],"33":[10],"34":[3],"35":[7],"36":[4],"37":[3],"38":[3],"39":[10],"40":[3],"41":[7],"42":[4],"43":[3],"44":[3],"45":[10],"46":[3],"47":[7],"48":[4],"49":[3],"50":[3],"51":[10],"52":[3],"53":[7],"54":[3],"55":[10],"56":[4],"57":[6],"58":[3],"59":[10],"60":[4],"61":[6],"62":[10],"63":[2],"64":[8],"65":[14],"66":[1],"67":[13],"68":[4],"69":[9],"70":[4],"71":[5],"72":[19],"73":[7],"74":[3],"75":[4],"76":[12],"77":[7],"78":[12],"79":[7],"80":[6],"81":[12]},"fnMap":{"0":{"name":"responsiveValue","decl":{"start":{"line":3,"column":0},"end":{"line":16,"column":1}},"loc":{"start":{"line":3,"column":0},"end":{"line":16,"column":1}},"line":3},"1":{"name":"clamp","decl":{"start":{"line":18,"column":0},"end":{"line":20,"column":1}},"loc":{"start":{"line":18,"column":0},"end":{"line":20,"column":1}},"line":18},"2":{"name":"computeBreakpointFlags","decl":{"start":{"line":39,"column":0},"end":{"line":62,"column":1}},"loc":{"start":{"line":39,"column":0},"end":{"line":62,"column":1}},"line":39},"3":{"name":"computeLayoutTokens","decl":{"start":{"line":81,"column":0},"end":{"line":95,"column":1}},"loc":{"start":{"line":81,"column":0},"end":{"line":95,"column":1}},"line":81},"4":{"name":"computeGridColumns","decl":{"start":{"line":101,"column":0},"end":{"line":107,"column":1}},"loc":{"start":{"line":101,"column":0},"end":{"line":107,"column":1}},"line":101},"5":{"name":"fluidValue","decl":{"start":{"line":115,"column":0},"end":{"line":124,"column":1}},"loc":{"start":{"line":115,"column":0},"end":{"line":124,"column":1}},"line":115},"6":{"name":"matchesBreakpointCondition","decl":{"start":{"line":132,"column":0},"end":{"line":152,"column":1}},"loc":{"start":{"line":132,"column":0},"end":{"line":152,"column":1}},"line":132}},"f":{"0":7,"1":16,"2":24,"3":13,"4":10,"5":14,"6":19}}
}
