TN:
SF:src/responsive/constants.ts
FNF:0
FNH:0
DA:1,1
DA:2,1
DA:3,1
DA:4,1
DA:5,1
DA:6,1
DA:7,1
DA:8,1
DA:9,1
DA:10,1
DA:11,1
DA:12,1
DA:13,1
DA:14,1
DA:15,1
LF:15
LH:15
BRF:0
BRH:0
end_of_record
TN:
SF:src/responsive/utils.ts
FN:3,responsiveValue
FN:18,clamp
FN:39,computeBreakpointFlags
FN:81,computeLayoutTokens
FN:101,computeGridColumns
FN:115,fluidValue
FN:132,matchesBreakpointCondition
FNF:7
FNH:7
FNDA:7,responsiveValue
FNDA:16,clamp
FNDA:24,computeBreakpointFlags
FNDA:13,computeLayoutTokens
FNDA:10,computeGridColumns
FNDA:14,fluidValue
FNDA:19,matchesBreakpointCondition
DA:1,1
DA:2,1
DA:3,7
DA:4,7
DA:5,7
DA:6,7
DA:7,7
DA:8,7
DA:9,7
DA:10,7
DA:11,7
DA:12,7
DA:13,7
DA:14,7
DA:15,7
DA:16,7
DA:17,1
DA:18,16
DA:19,16
DA:20,16
DA:21,1
DA:22,1
DA:23,1
DA:24,1
DA:25,1
DA:26,1
DA:27,1
DA:28,1
DA:29,1
DA:30,1
DA:31,1
DA:32,1
DA:33,1
DA:34,1
DA:35,1
DA:36,1
DA:37,1
DA:38,1
DA:39,24
DA:40,24
DA:41,24
DA:42,24
DA:43,24
DA:44,24
DA:45,24
DA:46,24
DA:47,24
DA:48,24
DA:49,24
DA:50,24
DA:51,20
DA:52,24
DA:53,24
DA:54,24
DA:55,24
DA:56,24
DA:57,24
DA:58,24
DA:59,24
DA:60,24
DA:61,24
DA:62,24
DA:63,1
DA:64,1
DA:65,1
DA:66,1
DA:67,1
DA:68,1
DA:69,1
DA:70,1
DA:71,1
DA:72,1
DA:73,1
DA:74,1
DA:75,1
DA:76,1
DA:77,1
DA:78,1
DA:79,1
DA:80,1
DA:81,13
DA:82,13
DA:83,13
DA:84,13
DA:85,13
DA:86,13
DA:87,13
DA:88,13
DA:89,13
DA:90,13
DA:91,13
DA:92,13
DA:93,13
DA:94,13
DA:95,13
DA:96,1
DA:97,1
DA:98,1
DA:99,1
DA:100,1
DA:101,10
DA:102,10
DA:103,8
DA:104,8
DA:105,8
DA:106,8
DA:107,8
DA:108,1
DA:109,1
DA:110,1
DA:111,1
DA:112,1
DA:113,1
DA:114,1
DA:115,14
DA:116,14
DA:117,14
DA:118,14
DA:119,14
DA:120,14
DA:121,5
DA:122,5
DA:123,5
DA:124,5
DA:125,1
DA:126,1
DA:127,1
DA:128,1
DA:129,1
DA:130,1
DA:131,1
DA:132,19
DA:133,19
DA:134,19
DA:135,19
DA:136,19
DA:137,7
DA:138,7
DA:139,7
DA:140,12
DA:141,12
DA:142,12
DA:143,12
DA:144,19
DA:145,7
DA:146,7
DA:147,19
DA:148,7
DA:149,7
DA:150,12
DA:151,12
DA:152,12
LF:152
LH:152
BRDA:3,0,0,7
BRDA:9,1,0,2
BRDA:10,2,0,1
BRDA:11,3,0,6
BRDA:11,4,0,2
BRDA:12,5,0,2
BRDA:13,6,0,4
BRDA:13,7,0,2
BRDA:14,8,0,1
BRDA:15,9,0,3
BRDA:15,10,0,2
BRDA:15,11,0,1
BRDA:18,12,0,16
BRDA:39,13,0,24
BRDA:50,14,0,4
BRDA:50,15,0,20
BRDA:51,16,0,7
BRDA:51,17,0,13
BRDA:52,18,0,7
BRDA:52,19,0,6
BRDA:81,20,0,13
BRDA:85,21,0,3
BRDA:85,22,0,10
BRDA:85,23,0,3
BRDA:85,24,0,7
BRDA:85,25,0,4
BRDA:85,26,0,3
BRDA:85,27,0,0
BRDA:86,28,0,4
BRDA:86,29,0,9
BRDA:86,30,0,3
BRDA:86,31,0,6
BRDA:87,32,0,3
BRDA:87,33,0,10
BRDA:87,34,0,3
BRDA:87,35,0,7
BRDA:87,36,0,4
BRDA:87,37,0,3
BRDA:88,38,0,3
BRDA:88,39,0,10
BRDA:88,40,0,3
BRDA:88,41,0,7
BRDA:88,42,0,4
BRDA:88,43,0,3
BRDA:89,44,0,3
BRDA:89,45,0,10
BRDA:89,46,0,3
BRDA:89,47,0,7
BRDA:89,48,0,4
BRDA:89,49,0,3
BRDA:90,50,0,3
BRDA:90,51,0,10
BRDA:90,52,0,3
BRDA:90,53,0,7
BRDA:91,54,0,3
BRDA:91,55,0,10
BRDA:91,56,0,4
BRDA:91,57,0,6
BRDA:92,58,0,3
BRDA:92,59,0,10
BRDA:92,60,0,4
BRDA:92,61,0,6
BRDA:101,62,0,10
BRDA:102,63,0,2
BRDA:103,64,0,8
BRDA:115,65,0,14
BRDA:118,66,0,1
BRDA:119,67,0,13
BRDA:119,68,0,4
BRDA:120,69,0,9
BRDA:120,70,0,4
BRDA:121,71,0,5
BRDA:132,72,0,19
BRDA:136,73,0,7
BRDA:137,74,0,3
BRDA:137,75,0,4
BRDA:140,76,0,12
BRDA:144,77,0,7
BRDA:147,78,0,12
BRDA:147,79,0,7
BRDA:148,80,0,6
BRDA:150,81,0,12
BRF:82
BRH:81
end_of_record
